Single-server queueing system using simlib

Mean interarrival time     10.000 minutes

Mean service time           9.000 minutes

Total simulation time       10000 minutes


Delays in queue, in minutes:

 sampst                         Number
variable                          of
 number       Average           values          Maximum          Minimum
________________________________________________________________________

    1         47.3141          1015.00          208.489          0.00000 
________________________________________________________________________



Queue length and server utilization:

  File         Time
 number       average          Maximum          Minimum
_______________________________________________________

    1         4.79695          24.0000          0.00000 

    2        0.911567          1.00000          0.00000 
_______________________________________________________



  File         Time
 number       average          Maximum          Minimum
_______________________________________________________

    3         0.00000          1.00000          0.00000 

    4        0.911567          1.00000          0.00000 
_______________________________________________________



Time simulation ended:   10011.330 minutes
Number of customers completed both services:    1014
