Single-server queueing system using simlib

Mean interarrival time     10.000 minutes

Mean service time           9.000 minutes

Total simulation time       10000 minutes


Delays in queue, in minutes:

 sampst                         Number
variable                          of
 number       Average           values          Maximum          Minimum
________________________________________________________________________

    1         36.6710          998.000          148.308          0.00000 
________________________________________________________________________



Queue length and server utilization:

  File         Time
 number       average          Maximum          Minimum
_______________________________________________________

    1         3.66076          15.0000          0.00000 

    2        0.894527          1.00000          0.00000 
_______________________________________________________



  File         Time
 number       average          Maximum          Minimum
_______________________________________________________

    3         3.54243          25.0000          0.00000 

    4        0.864306          1.00000          0.00000 
_______________________________________________________



Time simulation ended:   10000.000 minutes
Number of customers completed both services:     993
